<?xml version="1.0" encoding="UTF-8"?>
<!-- Generated by org.testng.reporters.JUnitReportReporter -->
<testsuite skipped="0" hostname="LAPTOP-D3LBDK0S" name="org.maven.automation.assign1.org.maven.automation.assign1.JunitClass1" tests="5" failures="0" timestamp="10 Mar 2019 07:46:47 GMT" time="0.030" errors="0">
  <testcase name="t4" time="0.008" classname="org.maven.automation.assign1.org.maven.automation.assign1.JunitClass1"/>
  <testcase name="t2" time="0.004" classname="org.maven.automation.assign1.org.maven.automation.assign1.JunitClass1"/>
  <testcase name="t5" time="0.010" classname="org.maven.automation.assign1.org.maven.automation.assign1.JunitClass1"/>
  <testcase name="t3" time="0.006" classname="org.maven.automation.assign1.org.maven.automation.assign1.JunitClass1"/>
  <testcase name="t1" time="0.002" classname="org.maven.automation.assign1.org.maven.automation.assign1.JunitClass1"/>
</testsuite> <!-- org.maven.automation.assign1.org.maven.automation.assign1.JunitClass1 -->
