<?xml version="1.0" encoding="UTF-8"?>
<!-- Generated by org.testng.reporters.JUnitReportReporter -->
<testsuite skipped="0" hostname="LAPTOP-D3LBDK0S" name="org.maven.automation.assign1.org.maven.automation.assign1.JunitClass2" tests="2" failures="0" timestamp="10 Mar 2019 07:46:47 GMT" time="0.018" errors="0">
  <testcase name="m1" time="0.008" classname="org.maven.automation.assign1.org.maven.automation.assign1.JunitClass2"/>
  <testcase name="m2" time="0.010" classname="org.maven.automation.assign1.org.maven.automation.assign1.JunitClass2"/>
</testsuite> <!-- org.maven.automation.assign1.org.maven.automation.assign1.JunitClass2 -->
